已經開始建置於 2017/1/12 下午 07:39:34。
     1>節點 2 (Build 目標) 上的專案 "C:\Users\jordy\Desktop\期末錯誤\期末\期末\期末\期末.vcxproj"。
     1>C:\Program Files (x86)\MSBuild\Microsoft.Cpp\v4.0\V120\Microsoft.CppBuild.targets(356,5): warning MSB8004: Intermediate Directory does not end with a trailing slash.  This build instance will add the slash as it is required to allow proper evaluation of the Intermediate Directory.
     1>C:\Program Files (x86)\MSBuild\Microsoft.Cpp\v4.0\V120\Microsoft.CppBuild.targets(357,5): warning MSB8004: Output Directory does not end with a trailing slash.  This build instance will add the slash as it is required to allow proper evaluation of the Output Directory.
     1>ClCompile:
         C:\Program Files (x86)\Microsoft Visual Studio 12.0\VC\bin\CL.exe /c /I"H:\Users\eric wei\Desktop\期末\include" /ZI /nologo /W3 /WX- /sdl /Od /Oy- /D _UNICODE /D UNICODE /Gm /EHsc /RTC1 /MDd /GS /fp:precise /Zc:wchar_t /Zc:forScope /Fo"..\..\temp\debug\\" /Fd"..\..\temp\debug\vc120.pdb" /Gd /TC /analyze- /errorReport:prompt ..\..\source\main.c
         main.c
     1>c:\users\jordy\desktop\期末錯誤\期末\source\main.c(42): warning C4244: '函式' : 將 'time_t' 轉換為 'unsigned int'，由於類型不同，可能導致資料遺失
     1>c:\users\jordy\desktop\期末錯誤\期末\source\main.c(56): error C2065: 'repeat' : 未宣告的識別項
     1>c:\users\jordy\desktop\期末錯誤\期末\source\main.c(61): error C2059: 語法錯誤 : '}'
     1>c:\users\jordy\desktop\期末錯誤\期末\source\main.c(69): error C2065: 'value' : 未宣告的識別項
     1>c:\users\jordy\desktop\期末錯誤\期末\source\main.c(70): error C2065: 'value' : 未宣告的識別項
     1>c:\users\jordy\desktop\期末錯誤\期末\source\main.c(75): error C2065: 'your_answer' : 未宣告的識別項
     1>c:\users\jordy\desktop\期末錯誤\期末\source\main.c(75): error C2109: 註標必須使用在陣列或指標類型上
     1>c:\users\jordy\desktop\期末錯誤\期末\source\main.c(83): error C2065: 'your_answer' : 未宣告的識別項
     1>c:\users\jordy\desktop\期末錯誤\期末\source\main.c(83): error C2109: 註標必須使用在陣列或指標類型上
     1>c:\users\jordy\desktop\期末錯誤\期末\source\main.c(83): error C2065: 'value' : 未宣告的識別項
     1>c:\users\jordy\desktop\期末錯誤\期末\source\main.c(84): error C2065: 'value' : 未宣告的識別項
     1>c:\users\jordy\desktop\期末錯誤\期末\source\main.c(93): error C2143: 語法錯誤 : 遺漏 ';' (在 '{' 之前)
     1>c:\users\jordy\desktop\期末錯誤\期末\source\main.c(98): error C2065: 'your_answer' : 未宣告的識別項
     1>c:\users\jordy\desktop\期末錯誤\期末\source\main.c(98): error C2109: 註標必須使用在陣列或指標類型上
     1>c:\users\jordy\desktop\期末錯誤\期末\source\main.c(106): error C2065: 'your_answer' : 未宣告的識別項
     1>c:\users\jordy\desktop\期末錯誤\期末\source\main.c(106): error C2109: 註標必須使用在陣列或指標類型上
     1>c:\users\jordy\desktop\期末錯誤\期末\source\main.c(117): warning C4098: 'generateQuestion' : 'void' 函式正在傳回值
     1>c:\users\jordy\desktop\期末錯誤\期末\source\main.c(121): warning C4098: 'generateQuestion' : 'void' 函式正在傳回值
     1>c:\users\jordy\desktop\期末錯誤\期末\source\main.c(124): fatal error C1004: 找到未預期的檔案結尾
     1>專案 "C:\Users\jordy\Desktop\期末錯誤\期末\期末\期末\期末.vcxproj" (Build 目標) 建置完成 -- 失敗。

建置失敗。

經過時間 00:00:00.18
