已經開始建置於 2017/1/12 下午 06:49:12。
     1>節點 2 (Build 目標) 上的專案 "H:\Users\eric wei\Desktop\main\main\main\main.vcxproj"。
     1>H:\Program Files (x86)\MSBuild\Microsoft.Cpp\v4.0\V120\Microsoft.CppBuild.targets(356,5): warning MSB8004: Intermediate Directory does not end with a trailing slash.  This build instance will add the slash as it is required to allow proper evaluation of the Intermediate Directory.
     1>H:\Program Files (x86)\MSBuild\Microsoft.Cpp\v4.0\V120\Microsoft.CppBuild.targets(357,5): warning MSB8004: Output Directory does not end with a trailing slash.  This build instance will add the slash as it is required to allow proper evaluation of the Output Directory.
     1>ClCompile:
         E:\visual c\VC\bin\CL.exe /c /I"H:\Users\eric wei\Desktop\main\include" /ZI /nologo /W3 /WX- /sdl /Od /Oy- /D _MBCS /Gm /EHsc /RTC1 /MDd /GS /fp:precise /Zc:wchar_t /Zc:forScope /Fo"..\..\temp\debug\\" /Fd"..\..\temp\debug\vc120.pdb" /Gd /TC /analyze- /errorReport:prompt ..\..\source\main.c
         main.c
       Link:
         E:\visual c\VC\bin\link.exe /ERRORREPORT:PROMPT /OUT:"..\..\temp\debug\main.exe" /INCREMENTAL /NOLOGO kernel32.lib user32.lib gdi32.lib winspool.lib comdlg32.lib advapi32.lib shell32.lib ole32.lib oleaut32.lib uuid.lib odbc32.lib odbccp32.lib /MANIFEST /MANIFESTUAC:"level='asInvoker' uiAccess='false'" /manifest:embed /DEBUG /PDB:"..\..\temp\debug\main.pdb" /TLBID:1 /DYNAMICBASE /NXCOMPAT /IMPLIB:"..\..\temp\debug\main.lib" /MACHINE:X86 ..\..\temp\debug\main.obj
     1>main.obj : error LNK2019: 無法解析的外部符號 _generateQuestion 在函式 _main 中被參考
     1>main.obj : error LNK2019: 無法解析的外部符號 _guess 在函式 _main 中被參考
     1>main.obj : error LNK2019: 無法解析的外部符號 _compare 在函式 _main 中被參考
     1>..\..\temp\debug\main.exe : fatal error LNK1120: 3 個無法解析的外部符號
     1>專案 "H:\Users\eric wei\Desktop\main\main\main\main.vcxproj" (Build 目標) 建置完成 -- 失敗。

建置失敗。

經過時間 00:00:03.12
